BANKS_NUMBER_TOTAL: 32
AVAILABLE_LENGTH: 34
NUM_OF_READS: 50
[!] Initializing large memory mapping ...done
[+] mapping: 0x7c3100343000, mapping_size: 0x2b10bc199
[!] Translating virtual addresses -> physical addresses...done
[+] mapping size: 11560272281
[!] Generating histogram data to find bank conflict threshold
[+] Row conflicts threshold: 371
[!] Detecting Bank fun ...start
[+] No pure bits find! 
[+] find fun pair: (33, 30)
Insert (33, 30)
[+] find fun pair: (33, 27)
Insert 27
[+] find fun pair: (33, 24)
Insert 24
[+] find fun pair: (33, 23)
Insert 23
[+] find fun pair: (33, 20)
Insert 20
[+] find fun pair: (33, 16)
Insert 16
[+] find fun pair: (32, 29)
Insert (32, 29)
[+] find fun pair: (32, 26)
Insert 26
[+] find fun pair: (32, 18)
Insert 18
[+] find fun pair: (32, 14)
Insert 14
[+] find fun pair: (31, 28)
Insert (31, 28)
[+] find fun pair: (31, 25)
Insert 25
[+] find fun pair: (31, 22)
Insert 22
[+] find fun pair: (31, 21)
Insert 21
[+] find fun pair: (31, 17)
Insert 17
[+] find fun pair: (19, 15)
Insert (19, 15)
[!] start finding the left bank bits
[+] Find the Pure column bit : 0
[+] Find the Pure column bit : 1
[+] Find the Pure column bit : 2
[+] Find the Pure column bit : 3
[+] Find the Pure column bit : 4
[+] Find the Pure column bit : 5
[+] Find the Pure column bit : 6
[+] Find the Pure column bit : 7
[+] Find the Pure column bit : 8
[+] Find the new bank bit(must not be row bit) : 9
[+] Find the Pure column bit : 10
[+] Find the new bank bit(must not be row bit) : 11
[+] Find the Pure column bit : 12
[+] Find the new bank bit(must not be row bit) : 13
Insert (9, 11)
Insert 13
[!] Detecting Bank bit in 2 fun...start
[+] No bit in more than 1 bank fun!
=== BANK bits ===
9, 11, 13, 14, 15, 16, 17, 18, 19, 20, 21, 22, 23, 24, 25, 26, 27, 28, 29, 30, 31, 32, 33
=== The 5 bank function ===
( 16, 20, 23, 24, 27, 30, 33 )
( 14, 18, 26, 29, 32 )
( 17, 21, 22, 25, 28, 31 )
( 15, 19 )
( 9, 11, 13 )
[+] done!
[+] cost: 4.453402 sec
